<?xml version="1.0" encoding="UTF-8"?>
<!-- Generated by org.testng.reporters.JUnitXMLReporter -->
<testsuite hostname="ICPL12361" ignored="5" name="BDD Test" tests="2" failures="0" timestamp="17 Jan 2018 05:04:11 GMT" time="40.499" errors="0">
  <testcase name="Data Driven" time="23.848" classname="com.qmetry.qaf.automation.step.client.DataDrivenScenario"/>
  <testcase name="Component" time="16.184" classname="com.qmetry.qaf.automation.step.client.Scenario"/>
  <testcase name="Data Driven" time="0.0" classname="com.qmetry.qaf.automation.step.client.DataDrivenScenario">
    <ignored/>
  </testcase> <!-- Data Driven -->
  <testcase name="@BeforeTest setupTest" time="0.0" classname="com.qmetry.qaf.automation.testng.TestNGTestCase">
    <ignored/>
  </testcase> <!-- @BeforeTest setupTest -->
  <testcase name="@BeforeSuite setupSuit" time="0.0" classname="com.qmetry.qaf.automation.testng.TestNGTestCase">
    <ignored/>
  </testcase> <!-- @BeforeSuite setupSuit -->
  <testcase name="@AfterSuite afterSuit" time="0.0" classname="com.qmetry.qaf.automation.testng.TestNGTestCase">
    <ignored/>
  </testcase> <!-- @AfterSuite afterSuit -->
  <testcase name="@AfterTest afterTest" time="0.0" classname="com.qmetry.qaf.automation.ui.AbstractTestCase">
    <ignored/>
  </testcase> <!-- @AfterTest afterTest -->
</testsuite> <!-- BDD Test -->
